2015-08-21 18:16:17,391:INFO:runexp:runGPGO started at 18:16:17 on Fri 21 August 2015 on caithness

INPUT from default3:

Optimisation parameters:

2015-08-21 18:16:17,393:DEBUG:runexp:{'D': 3,
 'ENTnsam': 400,
 'ENTsamQ': 'method2',
 'ENTsearchn': 2000,
 'ENTzeroprecision': 1e-06,
 'HYPMLEsearchn': 1200,
 'HYPsamBurn': 12,
 'HYPsamSigma': 0.05,
 'HYPsearchHigh': [2, 2, 2, 2],
 'HYPsearchLow': [-2, -2, -2, -2],
 'IRsearchn': 2000,
 'boundregion': 0.99,
 'covtype': 'sqexp',
 'fixs': 0.001,
 'inittype': 'rand',
 'nHYPmargin': 1.8,
 'nHYPsamples': 10,
 'nrand': 20,
 'obstype': [nan],
 'prior': [[0.0, 4.0], [0.0, 4.0], [0.0, 4.0], [0.0, 4.0]],
 'searchmethod': 'discretes',
 'slist': array([  1.00000000e+01,   4.28133240e+00,   1.83298071e+00,
         7.84759970e-01,   3.35981829e-01,   1.43844989e-01,
         6.15848211e-02,   2.63665090e-02,   1.12883789e-02,
         4.83293024e-03,   2.06913808e-03,   8.85866790e-04,
         3.79269019e-04,   1.62377674e-04,   6.95192796e-05,
         2.97635144e-05,   1.27427499e-05,   5.45559478e-06,
         2.33572147e-06,   1.00000000e-06]),
 'ulist': [0.79432823472428149,
           0.8646535029500364,
           0.94120496726806679,
           1.0245338593872233,
           1.1152402139117905,
           1.2139771890700746,
           1.3214557699755294,
           1.4384498882876628,
           1.5658019951383659,
           1.7044291274531953,
           1.8553295113499624,
           2.0195897501643794,
           2.1983926488622889,
           2.3930257311804977,
           2.6048905108264298,
           2.8355125834966515,
           3.0865526123848626,
           3.3598182862837818,
           3.657277336388828,
           3.9810717055349727]}

Objective function parameters:
{'D': 3, 'covgen': 'sqexp', 'hyp': [1.0, 0.5, 0.4, 0.6], 'type': 'drawfromcov'}

2015-08-21 18:16:17,479:INFO:runexp:starting run 0

2015-08-21 18:16:25,768:DEBUG:runexp:truemin: [array([ 0.89346136, -0.54961134, -0.54961134]), -1.8399282090079656]
2015-08-21 18:16:25,768:DEBUG:EntropyPredict:initialised optimiser
2015-08-21 18:16:25,819:INFO:EntropyPredict:added 20 random initial observations
2015-08-21 18:16:25,819:DEBUG:EntropyPredict:starting step 0
2015-08-21 18:16:25,820:DEBUG:EntropyPredict:setting new EP object
2015-08-21 18:17:11,284:DEBUG:EntropyPredict:finding IR location
2015-08-21 18:17:24,417:DEBUG:EntropyPredict:IRmin: [array([ 0.79286694, -0.28074989, -0.99954275]), -1.403876533768989]
2015-08-21 18:17:24,417:INFO:EntropyPredict:searching under disrete su
2015-08-21 18:18:13,092:DEBUG:EntropyPredict:search result: [array([-0.87656014,  0.65433792,  0.99998306]), 1.4107569270109868, 0.011288378916846895, [nan], 0.60826291645894448]
2015-08-21 18:18:13,092:INFO:EntropyPredict:step 0 completed in 107.272474051
2015-08-21 18:18:13,092:DEBUG:EntropyPredict:starting step 1
2015-08-21 18:18:13,093:DEBUG:EntropyPredict:setting new EP object
2015-08-21 18:18:52,557:DEBUG:EntropyPredict:finding IR location
2015-08-21 18:19:05,889:DEBUG:EntropyPredict:IRmin: [array([ 0.78920896, -0.31001372, -0.80201189]), -1.4636168040474191]
2015-08-21 18:19:05,889:INFO:EntropyPredict:searching under disrete su
2015-08-21 18:19:55,588:DEBUG:EntropyPredict:search result: [array([ 0.85962506, -0.15089163, -0.8513946 ]), -1.0017562512921554, 0.0020691380811147901, [nan], 0.83007878044584316]
2015-08-21 18:19:55,589:INFO:EntropyPredict:step 1 completed in 102.496371984
2015-08-21 18:19:55,589:DEBUG:EntropyPredict:starting step 2
2015-08-21 18:19:55,598:DEBUG:EntropyPredict:setting new EP object
2015-08-21 18:20:36,778:DEBUG:EntropyPredict:finding IR location
2015-08-21 18:20:50,759:DEBUG:EntropyPredict:IRmin: [array([-0.99984758,  0.95686633, -0.66148453]), -1.461417322895884]
2015-08-21 18:20:50,760:INFO:EntropyPredict:searching under disrete su
2015-08-21 18:21:41,502:DEBUG:EntropyPredict:search result: [array([ 0.39932937, -0.24538942, -0.55570797]), -0.049360828471926355, 0.011288378916846895, [nan], 0.3869437669903581]
2015-08-21 18:21:41,502:INFO:EntropyPredict:step 2 completed in 105.913174152
2015-08-21 18:21:41,502:DEBUG:EntropyPredict:starting step 3
2015-08-21 18:21:41,503:DEBUG:EntropyPredict:setting new EP object
2015-08-21 18:22:25,790:DEBUG:EntropyPredict:finding IR location
2015-08-21 18:22:40,259:DEBUG:EntropyPredict:IRmin: [array([-0.99994919,  0.94518112, -0.76797236]), -1.5054422993416359]
2015-08-21 18:22:40,259:INFO:EntropyPredict:searching under disrete su
2015-08-21 18:23:31,729:DEBUG:EntropyPredict:search result: [array([ 0.99679927, -0.78463649, -0.72336534]), -1.2427022666954672, 0.011288378916846895, [nan], 0.98808004538327232]
2015-08-21 18:23:31,729:INFO:EntropyPredict:step 3 completed in 110.226881981
2015-08-21 18:23:31,730:DEBUG:EntropyPredict:starting step 4
2015-08-21 18:23:31,730:DEBUG:EntropyPredict:setting new EP object
2015-08-21 18:24:16,970:DEBUG:EntropyPredict:finding IR location
2015-08-21 18:24:31,881:DEBUG:EntropyPredict:IRmin: [array([ 0.85871056, -0.4874257 , -0.65660722]), -1.598521593400714]
2015-08-21 18:24:31,882:INFO:EntropyPredict:searching under disrete su
2015-08-21 18:25:24,649:DEBUG:EntropyPredict:search result: [array([ 0.71787837, -0.60631001, -0.9391861 ]), -1.4547055633112718, 0.00088586679041008322, [nan], 0.81986718578940798]
2015-08-21 18:25:24,650:INFO:EntropyPredict:step 4 completed in 112.920098066
2015-08-21 18:25:24,650:DEBUG:EntropyPredict:starting step 5
2015-08-21 18:25:24,650:DEBUG:EntropyPredict:setting new EP object
2015-08-21 18:26:12,915:DEBUG:EntropyPredict:finding IR location
2015-08-21 18:26:28,087:DEBUG:EntropyPredict:IRmin: [array([-0.99984758,  0.99984758, -0.74836153]), -1.5720805003748055]
2015-08-21 18:26:28,087:INFO:EntropyPredict:searching under disrete su
2015-08-21 18:27:22,005:DEBUG:EntropyPredict:search result: [array([ 0.85962506, -0.7480567 , -0.33348575]), -1.6694820975353701, 0.00037926901907322537, [nan], 0.69244932866575015]
2015-08-21 18:27:22,006:INFO:EntropyPredict:step 5 completed in 117.355780125
2015-08-21 18:27:22,006:DEBUG:EntropyPredict:starting step 6
2015-08-21 18:27:22,009:DEBUG:EntropyPredict:setting new EP object
2015-08-21 18:28:10,929:DEBUG:EntropyPredict:finding IR location
2015-08-21 18:28:26,459:DEBUG:EntropyPredict:IRmin: [array([ 0.85322359, -0.63374486, -0.4865112 ]), -1.7382230414404627]
2015-08-21 18:28:26,459:INFO:EntropyPredict:searching under disrete su
2015-08-21 18:29:21,720:DEBUG:EntropyPredict:search result: [array([ 0.81390032, -0.99984758, -0.50297211]), -1.4875111906654093, 0.0020691380811147901, [nan], 0.77923910470645885]
2015-08-21 18:29:21,720:INFO:EntropyPredict:step 6 completed in 119.713852882
2015-08-21 18:29:21,720:DEBUG:EntropyPredict:starting step 7
2015-08-21 18:29:21,721:DEBUG:EntropyPredict:setting new EP object
2015-08-21 18:30:14,008:DEBUG:EntropyPredict:finding IR location
2015-08-21 18:30:30,006:DEBUG:EntropyPredict:IRmin: [array([ 0.84407865, -0.65843621, -0.50022862]), -1.7324402739558074]
2015-08-21 18:30:30,006:INFO:EntropyPredict:searching under disrete su
2015-08-21 18:31:26,181:DEBUG:EntropyPredict:search result: [array([-0.75080018,  0.99984758, -0.25941168]), -0.50396224607877438, 0.004832930238571757, [nan], 0.47356743716874627]
2015-08-21 18:31:26,182:INFO:EntropyPredict:step 7 completed in 124.461446047
2015-08-21 18:31:26,182:DEBUG:EntropyPredict:starting step 8
2015-08-21 18:31:26,182:DEBUG:EntropyPredict:setting new EP object
2015-08-21 18:32:21,045:DEBUG:EntropyPredict:finding IR location
2015-08-21 18:32:37,425:DEBUG:EntropyPredict:IRmin: [array([ 0.85048011, -0.66849566, -0.48285322]), -1.7171227385021073]
2015-08-21 18:32:37,425:INFO:EntropyPredict:searching under disrete su
2015-08-21 18:33:34,064:DEBUG:EntropyPredict:search result: [array([-0.99039781, -0.99984758,  0.13747904]), -0.52916417272557026, 0.004832930238571757, [nan], 1.0709181162962371]
2015-08-21 18:33:34,064:INFO:EntropyPredict:step 8 completed in 127.882237911
2015-08-21 18:33:34,064:DEBUG:EntropyPredict:starting step 9
2015-08-21 18:33:34,065:DEBUG:EntropyPredict:setting new EP object
2015-08-21 18:34:31,599:DEBUG:EntropyPredict:finding IR location
2015-08-21 18:34:48,422:DEBUG:EntropyPredict:IRmin: [array([ 0.83584819, -0.6611797 , -0.50937357]), -1.735567981220133]
2015-08-21 18:34:48,422:INFO:EntropyPredict:searching under disrete su
2015-08-21 18:35:46,231:DEBUG:EntropyPredict:search result: [array([ 0.99994919, -0.49199817, -0.17233145]), -1.4464321081296916, 0.0020691380811147901, [nan], 0.91899774429864611]
2015-08-21 18:35:46,232:INFO:EntropyPredict:step 9 completed in 132.167087078
2015-08-21 18:35:46,232:DEBUG:EntropyPredict:starting step 10
2015-08-21 18:35:46,232:DEBUG:EntropyPredict:setting new EP object
2015-08-21 18:36:47,845:DEBUG:EntropyPredict:finding IR location
2015-08-21 18:37:05,199:DEBUG:EntropyPredict:IRmin: [array([ 0.85505258, -0.66849566, -0.46181984]), -1.7060689055212965]
2015-08-21 18:37:05,200:INFO:EntropyPredict:searching under disrete su
2015-08-21 18:38:04,048:DEBUG:EntropyPredict:search result: [array([ 0.98856882, -0.93461363, -0.03657979]), -1.5108448632592169, 0.00088586679041008322, [nan], 1.1754294319113843]
2015-08-21 18:38:04,049:INFO:EntropyPredict:step 10 completed in 137.816627979
2015-08-21 18:38:04,049:DEBUG:EntropyPredict:starting step 11
2015-08-21 18:38:04,049:DEBUG:EntropyPredict:setting new EP object
2015-08-21 18:39:10,184:DEBUG:EntropyPredict:finding IR location
2015-08-21 18:39:28,089:DEBUG:EntropyPredict:IRmin: [array([ 0.88065844, -0.7123914 , -0.347508  ]), -1.6791623058331915]
2015-08-21 18:39:28,090:INFO:EntropyPredict:searching under disrete su
2015-08-21 18:40:28,156:DEBUG:EntropyPredict:search result: [array([ 0.69867398, -0.71787837,  0.08504801]), -0.52267717534918523, 0.0020691380811147901, [nan], 0.66319037238900047]
2015-08-21 18:40:28,157:INFO:EntropyPredict:step 11 completed in 144.107855082
2015-08-21 18:40:28,157:DEBUG:EntropyPredict:starting step 12
2015-08-21 18:40:28,157:DEBUG:EntropyPredict:setting new EP object
2015-08-21 18:41:34,494:DEBUG:EntropyPredict:finding IR location
2015-08-21 18:41:52,613:DEBUG:EntropyPredict:IRmin: [array([ 0.88431642, -0.695016  , -0.43621399]), -1.7078699749173094]
2015-08-21 18:41:52,613:INFO:EntropyPredict:searching under disrete su
2015-08-21 18:42:53,271:DEBUG:EntropyPredict:search result: [array([ 0.89132754, -0.49291267, -0.59442158]), -1.8568452930801471, 0.00037926901907322537, [nan], 0.74405893081396501]
2015-08-21 18:42:53,271:INFO:EntropyPredict:step 12 completed in 145.114020109
2015-08-21 18:42:53,271:DEBUG:EntropyPredict:starting step 13
2015-08-21 18:42:53,272:DEBUG:EntropyPredict:setting new EP object
2015-08-21 18:44:03,181:DEBUG:EntropyPredict:finding IR location
2015-08-21 18:44:21,636:DEBUG:EntropyPredict:IRmin: [array([ 0.88065844, -0.5386374 , -0.56698674]), -1.8583848222056456]
2015-08-21 18:44:21,637:INFO:EntropyPredict:searching under disrete su
2015-08-21 18:45:23,334:DEBUG:EntropyPredict:search result: [array([ 0.90900777, -0.27434842, -0.38591678]), -1.2984966785341741, 0.00088586679041008322, [nan], 0.45750087256034311]
2015-08-21 18:45:23,335:INFO:EntropyPredict:step 13 completed in 150.063315868
2015-08-21 18:45:23,335:DEBUG:EntropyPredict:starting step 14
2015-08-21 18:45:23,335:DEBUG:EntropyPredict:setting new EP object
2015-08-21 18:46:35,331:DEBUG:EntropyPredict:finding IR location
2015-08-21 18:46:54,251:DEBUG:EntropyPredict:IRmin: [array([ 0.87242798, -0.5395519 , -0.58710562]), -1.864332046229741]
2015-08-21 18:46:54,252:INFO:EntropyPredict:searching under disrete su
2015-08-21 18:47:57,077:DEBUG:EntropyPredict:search result: [array([ 0.93644262,  0.18716659, -0.66453285]), -0.026971152614820044, 0.00088586679041008322, [nan], 0.78356346260348686]
2015-08-21 18:47:57,077:INFO:EntropyPredict:step 14 completed in 153.742330074
2015-08-21 18:47:57,078:DEBUG:EntropyPredict:starting step 15
2015-08-21 18:47:57,078:DEBUG:EntropyPredict:setting new EP object
2015-08-21 18:49:12,114:DEBUG:EntropyPredict:finding IR location
2015-08-21 18:49:31,287:DEBUG:EntropyPredict:IRmin: [array([ 0.88065844, -0.54686786, -0.57704618]), -1.8635272625989372]
2015-08-21 18:49:31,287:INFO:EntropyPredict:searching under disrete su
2015-08-21 18:50:35,147:DEBUG:EntropyPredict:search result: [array([ 0.74256973, -0.64929127, -0.62002743]), -1.7294694140642803, 0.00016237767391887243, [nan], 0.58540218064544258]
2015-08-21 18:50:35,147:INFO:EntropyPredict:step 15 completed in 158.069951057
2015-08-21 18:50:35,148:DEBUG:EntropyPredict:starting step 16
2015-08-21 18:50:35,148:DEBUG:EntropyPredict:setting new EP object
2015-08-21 18:51:51,830:DEBUG:EntropyPredict:finding IR location
2015-08-21 18:52:11,489:DEBUG:EntropyPredict:IRmin: [array([ 0.8696845 , -0.55144033, -0.58070416]), -1.8679613409947577]
2015-08-21 18:52:11,489:INFO:EntropyPredict:searching under disrete su
2015-08-21 18:53:16,200:DEBUG:EntropyPredict:search result: [array([ 0.99998306, -0.50066894, -0.55557249]), -1.781010252475544, 0.00016237767391887243, [nan], 0.63469626503666277]
2015-08-21 18:53:16,200:INFO:EntropyPredict:step 16 completed in 161.052593946
2015-08-21 18:53:16,201:DEBUG:EntropyPredict:starting step 17
2015-08-21 18:53:16,201:DEBUG:EntropyPredict:setting new EP object
2015-08-21 18:54:35,904:DEBUG:EntropyPredict:finding IR location
2015-08-21 18:54:55,852:DEBUG:EntropyPredict:IRmin: [array([ 0.87791495, -0.54686786, -0.57887517]), -1.8675297215285198]
2015-08-21 18:54:55,853:INFO:EntropyPredict:searching under disrete su
2015-08-21 18:56:02,118:DEBUG:EntropyPredict:search result: [array([ 0.88096327, -0.45816187, -0.76909008]), -1.7107287699027911, 6.9519279617756056e-05, [nan], 0.42431708893572234]
2015-08-21 18:56:02,119:INFO:EntropyPredict:step 17 completed in 165.918100119
2015-08-21 18:56:02,119:DEBUG:EntropyPredict:starting step 18
2015-08-21 18:56:02,120:DEBUG:EntropyPredict:setting new EP object
2015-08-21 18:57:24,920:DEBUG:EntropyPredict:finding IR location
2015-08-21 18:57:45,256:DEBUG:EntropyPredict:IRmin: [array([ 0.8861454 , -0.56058528, -0.5569273 ]), -1.8637442854837658]
2015-08-21 18:57:45,256:INFO:EntropyPredict:searching under disrete su
2015-08-21 18:58:51,948:DEBUG:EntropyPredict:search result: [array([ 0.23024945,  0.99994919,  0.99994919]), -0.7988556026041459, 0.026366508987303583, [nan], 0.28229518454986291]
2015-08-21 18:58:51,949:INFO:EntropyPredict:step 18 completed in 169.829809904
2015-08-21 18:58:51,949:DEBUG:EntropyPredict:starting step 19
2015-08-21 18:58:51,950:DEBUG:EntropyPredict:setting new EP object
2015-08-21 19:00:18,948:DEBUG:EntropyPredict:finding IR location
2015-08-21 19:00:39,939:DEBUG:EntropyPredict:IRmin: [array([ 0.88431642, -0.55418381, -0.55784179]), -1.8643258755911745]
2015-08-21 19:00:39,939:INFO:EntropyPredict:searching under disrete su
2015-08-21 19:01:48,096:DEBUG:EntropyPredict:search result: [array([ 0.96103236, -0.33328253, -0.60925672]), -1.5685160891318659, 6.9519279617756056e-05, [nan], 0.44870312561992309]
2015-08-21 19:01:48,096:INFO:EntropyPredict:step 19 completed in 176.146851063
2015-08-21 19:01:48,096:DEBUG:EntropyPredict:starting step 20
2015-08-21 19:01:48,097:DEBUG:EntropyPredict:setting new EP object
2015-08-21 19:03:17,056:DEBUG:EntropyPredict:finding IR location
2015-08-21 19:03:38,083:DEBUG:EntropyPredict:IRmin: [array([ 0.8861454 , -0.56149977, -0.55326932]), -1.86844601562997]
2015-08-21 19:03:38,084:INFO:EntropyPredict:searching under disrete su
2015-08-21 19:04:46,940:DEBUG:EntropyPredict:search result: [array([ 0.77772697, -0.48681603, -0.33125032]), -1.4156946563201362, 0.00016237767391887243, [nan], 0.57500196780734336]
2015-08-21 19:04:46,941:INFO:EntropyPredict:step 20 completed in 178.844326019
2015-08-21 19:04:46,941:DEBUG:EntropyPredict:starting step 21
2015-08-21 19:04:46,946:DEBUG:EntropyPredict:setting new EP object
2015-08-21 19:06:22,012:DEBUG:EntropyPredict:finding IR location
2015-08-21 19:06:43,321:DEBUG:EntropyPredict:IRmin: [array([ 0.88980338, -0.56607225, -0.56515775]), -1.863506746405551]
2015-08-21 19:06:43,321:INFO:EntropyPredict:searching under disrete su
2015-08-21 19:07:52,673:DEBUG:EntropyPredict:search result: [array([ 0.99994919, -0.99994919,  0.61321953]), -0.60591727390674222, 0.011288378916846895, [nan], 0.45469765958985897]
2015-08-21 19:07:52,673:INFO:EntropyPredict:step 21 completed in 185.732231855
2015-08-21 19:07:52,674:DEBUG:EntropyPredict:starting step 22
2015-08-21 19:07:52,674:DEBUG:EntropyPredict:setting new EP object
